  [1m[35m (4.5ms)[0m  [1m[34mSELECT sqlite_version(*)[0m
  [1m[35m (2.8ms)[0m  [1m[35mCREATE TABLE "schema_migrations" ("version" varchar NOT NULL PRIMARY KEY)[0m
  [1m[35m (1.9ms)[0m  [1m[35mCREATE TABLE "ar_internal_metadata" ("key" varchar NOT NULL PRIMARY KEY, "value" varchar, "created_at" datetime(6) NOT NULL, "updated_at" datetime(6) NOT NULL)[0m
  [1m[35m (0.3ms)[0m  [1m[34mSELECT "schema_migrations"."version" FROM "schema_migrations" ORDER BY "schema_migrations"."version" ASC[0m
Migrating to CreateUsers (20210307185022)
  [1m[36mTRANSACTION (0.1ms)[0m  [1m[36mbegin transaction[0m
  [1m[35m (1.8ms)[0m  [1m[35mCREATE TABLE "users" ("id" integer PRIMARY KEY AUTOINCREMENT NOT NULL, "username" varchar, "email" varchar, "password" varchar, "created_at" datetime(6) NOT NULL, "updated_at" datetime(6) NOT NULL)[0m
  [1m[36mActiveRecord::SchemaMigration Create (0.2ms)[0m  [1m[32mINSERT INTO "schema_migrations" ("version") VALUES (?)[0m  [["version", "20210307185022"]]
  [1m[36mTRANSACTION (1.8ms)[0m  [1m[36mcommit transaction[0m
  [1m[36mActiveRecord::InternalMetadata Load (0.3ms)[0m  [1m[34mSELECT "ar_internal_metadata".* FROM "ar_internal_metadata" WHERE "ar_internal_metadata"."key" = ? LIMIT ?[0m  [["key", "environment"], ["LIMIT", 1]]
  [1m[36mTRANSACTION (0.1ms)[0m  [1m[36mbegin transaction[0m
  [1m[36mActiveRecord::InternalMetadata Create (0.4ms)[0m  [1m[32mINSERT INTO "ar_internal_metadata" ("key", "value", "created_at", "updated_at") VALUES (?, ?, ?, ?)[0m  [["key", "environment"], ["value", "development"], ["created_at", "2021-03-07 18:51:14.404331"], ["updated_at", "2021-03-07 18:51:14.404331"]]
  [1m[36mTRANSACTION (1.6ms)[0m  [1m[36mcommit transaction[0m
  [1m[35m (0.1ms)[0m  [1m[34mSELECT sqlite_version(*)[0m
  [1m[35m (0.2ms)[0m  [1m[34mSELECT "schema_migrations"."version" FROM "schema_migrations" ORDER BY "schema_migrations"."version" ASC[0m
Started GET "/users/new" for ::1 at 2021-03-07 13:59:20 -0500
  [1m[35m (0.6ms)[0m  [1m[34mSELECT sqlite_version(*)[0m
  [1m[35m (0.3ms)[0m  [1m[34mSELECT "schema_migrations"."version" FROM "schema_migrations" ORDER BY "schema_migrations"."version" ASC[0m
Processing by UsersController#new as HTML
  Rendering layout layouts/application.html.erb
  Rendering users/new.html.erb within layouts/application
  Rendered users/new.html.erb within layouts/application (Duration: 4.0ms | Allocations: 321)
[Webpacker] Compiling...
[Webpacker] Compiled all packs in /Users/michpara/Desktop/re-former/public/packs
[Webpacker] warning ../../package.json: No license field

[Webpacker] Hash: e332c6419728fac579d5
Version: webpack 4.46.0
Time: 4318ms
Built at: 2021-03-07 1:59:28 p.m.
                                     Asset       Size       Chunks                         Chunk Names
    js/application-f826770d917d8a37c1d8.js    125 KiB  application  [emitted] [immutable]  application
js/application-f826770d917d8a37c1d8.js.map    139 KiB  application  [emitted] [dev]        application
                             manifest.json  364 bytes               [emitted]              
Entrypoint application = js/application-f826770d917d8a37c1d8.js js/application-f826770d917d8a37c1d8.js.map
[./app/javascript/channels sync recursive _channel\.js$] ./app/javascript/channels sync _channel\.js$ 160 bytes {application} [built]
[./app/javascript/channels/index.js] 211 bytes {application} [built]
[./app/javascript/packs/application.js] 492 bytes {application} [built]
[./node_modules/webpack/buildin/module.js] (webpack)/buildin/module.js 552 bytes {application} [built]
    + 3 hidden modules

  Rendered layout layouts/application.html.erb (Duration: 7700.0ms | Allocations: 17108)
Completed 200 OK in 7738ms (Views: 7709.4ms | ActiveRecord: 0.0ms | Allocations: 20738)


Started GET "/" for ::1 at 2021-03-07 14:12:19 -0500
  [1m[35m (1.4ms)[0m  [1m[34mSELECT sqlite_version(*)[0m
  [1m[35m (0.3ms)[0m  [1m[34mSELECT "schema_migrations"."version" FROM "schema_migrations" ORDER BY "schema_migrations"."version" ASC[0m
Processing by Rails::WelcomeController#index as HTML
  Rendering /Users/michpara/.rbenv/versions/2.7.0/lib/ruby/gems/2.7.0/gems/railties-6.1.3/lib/rails/templates/rails/welcome/index.html.erb
  Rendered /Users/michpara/.rbenv/versions/2.7.0/lib/ruby/gems/2.7.0/gems/railties-6.1.3/lib/rails/templates/rails/welcome/index.html.erb (Duration: 11.2ms | Allocations: 338)
Completed 200 OK in 34ms (Views: 19.1ms | ActiveRecord: 0.0ms | Allocations: 2534)


Started GET "/new" for ::1 at 2021-03-07 14:12:29 -0500
  
ActionController::RoutingError (No route matches [GET] "/new"):
  
Started GET "/new.html.erb" for ::1 at 2021-03-07 14:12:32 -0500
  
ActionController::RoutingError (No route matches [GET] "/new.html.erb"):
  
Started GET "/" for ::1 at 2021-03-07 14:12:39 -0500
Processing by Rails::WelcomeController#index as HTML
  Rendering /Users/michpara/.rbenv/versions/2.7.0/lib/ruby/gems/2.7.0/gems/railties-6.1.3/lib/rails/templates/rails/welcome/index.html.erb
  Rendered /Users/michpara/.rbenv/versions/2.7.0/lib/ruby/gems/2.7.0/gems/railties-6.1.3/lib/rails/templates/rails/welcome/index.html.erb (Duration: 12.2ms | Allocations: 220)
Completed 200 OK in 17ms (Views: 14.4ms | ActiveRecord: 0.0ms | Allocations: 974)


Started GET "/users/new" for ::1 at 2021-03-07 14:13:05 -0500
Processing by UsersController#new as HTML
  Rendering layout layouts/application.html.erb
  Rendering users/new.html.erb within layouts/application
  Rendered users/new.html.erb within layouts/application (Duration: 0.6ms | Allocations: 112)
[Webpacker] Everything's up-to-date. Nothing to do
  Rendered layout layouts/application.html.erb (Duration: 40.0ms | Allocations: 6056)
Completed 200 OK in 48ms (Views: 45.0ms | ActiveRecord: 0.0ms | Allocations: 7182)


Started GET "/users/new" for ::1 at 2021-03-07 14:13:22 -0500
Processing by UsersController#new as HTML
  Rendering layout layouts/application.html.erb
  Rendering users/new.html.erb within layouts/application
  Rendered users/new.html.erb within layouts/application (Duration: 0.6ms | Allocations: 111)
[Webpacker] Everything's up-to-date. Nothing to do
  Rendered layout layouts/application.html.erb (Duration: 13.1ms | Allocations: 3776)
Completed 200 OK in 18ms (Views: 15.8ms | ActiveRecord: 0.0ms | Allocations: 4855)


Started POST "/users" for ::1 at 2021-03-07 14:13:31 -0500
Processing by UsersController#create as HTML
  Parameters: {"username"=>"michpara", "email"=>"michpara@yahoo.com", "password"=>"[FILTERED]"}
Can't verify CSRF token authenticity.
Completed 422 Unprocessable Entity in 1ms (ActiveRecord: 0.0ms | Allocations: 480)


  
ActionController::InvalidAuthenticityToken (ActionController::InvalidAuthenticityToken):
  
actionpack (6.1.3) lib/action_controller/metal/request_forgery_protection.rb:211:in `handle_unverified_request'
actionpack (6.1.3) lib/action_controller/metal/request_forgery_protection.rb:243:in `handle_unverified_request'
actionpack (6.1.3) lib/action_controller/metal/request_forgery_protection.rb:238:in `verify_authenticity_token'
activesupport (6.1.3) lib/active_support/callbacks.rb:427:in `block in make_lambda'
activesupport (6.1.3) lib/active_support/callbacks.rb:198:in `block (2 levels) in halting'
actionpack (6.1.3) lib/abstract_controller/callbacks.rb:34:in `block (2 levels) in <module:Callbacks>'
activesupport (6.1.3) lib/active_support/callbacks.rb:199:in `block in halting'
activesupport (6.1.3) lib/active_support/callbacks.rb:512:in `block in invoke_before'
activesupport (6.1.3) lib/active_support/callbacks.rb:512:in `each'
activesupport (6.1.3) lib/active_support/callbacks.rb:512:in `invoke_before'
activesupport (6.1.3) lib/active_support/callbacks.rb:115:in `block in run_callbacks'
activesupport (6.1.3) lib/active_support/callbacks.rb:137:in `run_callbacks'
actionpack (6.1.3) lib/abstract_controller/callbacks.rb:41:in `process_action'
actionpack (6.1.3) lib/action_controller/metal/rescue.rb:22:in `process_action'
actionpack (6.1.3) lib/action_controller/metal/instrumentation.rb:34:in `block in process_action'
activesupport (6.1.3) lib/active_support/notifications.rb:203:in `block in instrument'
activesupport (6.1.3) lib/active_support/notifications/instrumenter.rb:24:in `instrument'
activesupport (6.1.3) lib/active_support/notifications.rb:203:in `instrument'
actionpack (6.1.3) lib/action_controller/metal/instrumentation.rb:33:in `process_action'
actionpack (6.1.3) lib/action_controller/metal/params_wrapper.rb:249:in `process_action'
activerecord (6.1.3) lib/active_record/railties/controller_runtime.rb:27:in `process_action'
actionpack (6.1.3) lib/abstract_controller/base.rb:165:in `process'
actionview (6.1.3) lib/action_view/rendering.rb:39:in `process'
actionpack (6.1.3) lib/action_controller/metal.rb:190:in `dispatch'
actionpack (6.1.3) lib/action_controller/metal.rb:254:in `dispatch'
actionpack (6.1.3) lib/action_dispatch/routing/route_set.rb:50:in `dispatch'
actionpack (6.1.3) lib/action_dispatch/routing/route_set.rb:33:in `serve'
actionpack (6.1.3) lib/action_dispatch/journey/router.rb:50:in `block in serve'
actionpack (6.1.3) lib/action_dispatch/journey/router.rb:32:in `each'
actionpack (6.1.3) lib/action_dispatch/journey/router.rb:32:in `serve'
actionpack (6.1.3) lib/action_dispatch/routing/route_set.rb:842:in `call'
rack (2.2.3) lib/rack/tempfile_reaper.rb:15:in `call'
rack (2.2.3) lib/rack/etag.rb:27:in `call'
rack (2.2.3) lib/rack/conditional_get.rb:40:in `call'
rack (2.2.3) lib/rack/head.rb:12:in `call'
actionpack (6.1.3) lib/action_dispatch/http/permissions_policy.rb:22:in `call'
actionpack (6.1.3) lib/action_dispatch/http/content_security_policy.rb:18:in `call'
rack (2.2.3) lib/rack/session/abstract/id.rb:266:in `context'
rack (2.2.3) lib/rack/session/abstract/id.rb:260:in `call'
actionpack (6.1.3) lib/action_dispatch/middleware/cookies.rb:689:in `call'
activerecord (6.1.3) lib/active_record/migration.rb:601:in `call'
actionpack (6.1.3) lib/action_dispatch/middleware/callbacks.rb:27:in `block in call'
activesupport (6.1.3) lib/active_support/callbacks.rb:98:in `run_callbacks'
actionpack (6.1.3) lib/action_dispatch/middleware/callbacks.rb:26:in `call'
actionpack (6.1.3) lib/action_dispatch/middleware/executor.rb:14:in `call'
actionpack (6.1.3) lib/action_dispatch/middleware/actionable_exceptions.rb:18:in `call'
actionpack (6.1.3) lib/action_dispatch/middleware/debug_exceptions.rb:29:in `call'
web-console (4.1.0) lib/web_console/middleware.rb:132:in `call_app'
web-console (4.1.0) lib/web_console/middleware.rb:28:in `block in call'
web-console (4.1.0) lib/web_console/middleware.rb:17:in `catch'
web-console (4.1.0) lib/web_console/middleware.rb:17:in `call'
actionpack (6.1.3) lib/action_dispatch/middleware/show_exceptions.rb:33:in `call'
railties (6.1.3) lib/rails/rack/logger.rb:37:in `call_app'
railties (6.1.3) lib/rails/rack/logger.rb:26:in `block in call'
activesupport (6.1.3) lib/active_support/tagged_logging.rb:99:in `block in tagged'
activesupport (6.1.3) lib/active_support/tagged_logging.rb:37:in `tagged'
activesupport (6.1.3) lib/active_support/tagged_logging.rb:99:in `tagged'
railties (6.1.3) lib/rails/rack/logger.rb:26:in `call'
sprockets-rails (3.2.2) lib/sprockets/rails/quiet_assets.rb:13:in `call'
actionpack (6.1.3) lib/action_dispatch/middleware/remote_ip.rb:81:in `call'
actionpack (6.1.3) lib/action_dispatch/middleware/request_id.rb:26:in `call'
rack (2.2.3) lib/rack/method_override.rb:24:in `call'
rack (2.2.3) lib/rack/runtime.rb:22:in `call'
activesupport (6.1.3) lib/active_support/cache/strategy/local_cache_middleware.rb:29:in `call'
actionpack (6.1.3) lib/action_dispatch/middleware/executor.rb:14:in `call'
actionpack (6.1.3) lib/action_dispatch/middleware/static.rb:24:in `call'
rack (2.2.3) lib/rack/sendfile.rb:110:in `call'
actionpack (6.1.3) lib/action_dispatch/middleware/host_authorization.rb:98:in `call'
rack-mini-profiler (2.3.1) lib/mini_profiler/profiler.rb:373:in `call'
webpacker (5.2.1) lib/webpacker/dev_server_proxy.rb:25:in `perform_request'
rack-proxy (0.6.5) lib/rack/proxy.rb:57:in `call'
railties (6.1.3) lib/rails/engine.rb:539:in `call'
puma (5.2.2) lib/puma/configuration.rb:248:in `call'
puma (5.2.2) lib/puma/request.rb:76:in `block in handle_request'
puma (5.2.2) lib/puma/thread_pool.rb:337:in `with_force_shutdown'
puma (5.2.2) lib/puma/request.rb:75:in `handle_request'
puma (5.2.2) lib/puma/server.rb:431:in `process_client'
puma (5.2.2) lib/puma/thread_pool.rb:145:in `block in spawn_thread'
Started POST "/users" for ::1 at 2021-03-07 14:14:06 -0500
Processing by UsersController#create as HTML
  Parameters: {"username"=>"michpara", "email"=>"michpara@yahoo.com", "password"=>"[FILTERED]"}
Can't verify CSRF token authenticity.
Completed 422 Unprocessable Entity in 1ms (ActiveRecord: 0.0ms | Allocations: 458)


  
ActionController::InvalidAuthenticityToken (ActionController::InvalidAuthenticityToken):
  
actionpack (6.1.3) lib/action_controller/metal/request_forgery_protection.rb:211:in `handle_unverified_request'
actionpack (6.1.3) lib/action_controller/metal/request_forgery_protection.rb:243:in `handle_unverified_request'
actionpack (6.1.3) lib/action_controller/metal/request_forgery_protection.rb:238:in `verify_authenticity_token'
activesupport (6.1.3) lib/active_support/callbacks.rb:427:in `block in make_lambda'
activesupport (6.1.3) lib/active_support/callbacks.rb:198:in `block (2 levels) in halting'
actionpack (6.1.3) lib/abstract_controller/callbacks.rb:34:in `block (2 levels) in <module:Callbacks>'
activesupport (6.1.3) lib/active_support/callbacks.rb:199:in `block in halting'
activesupport (6.1.3) lib/active_support/callbacks.rb:512:in `block in invoke_before'
activesupport (6.1.3) lib/active_support/callbacks.rb:512:in `each'
activesupport (6.1.3) lib/active_support/callbacks.rb:512:in `invoke_before'
activesupport (6.1.3) lib/active_support/callbacks.rb:115:in `block in run_callbacks'
activesupport (6.1.3) lib/active_support/callbacks.rb:137:in `run_callbacks'
actionpack (6.1.3) lib/abstract_controller/callbacks.rb:41:in `process_action'
actionpack (6.1.3) lib/action_controller/metal/rescue.rb:22:in `process_action'
actionpack (6.1.3) lib/action_controller/metal/instrumentation.rb:34:in `block in process_action'
activesupport (6.1.3) lib/active_support/notifications.rb:203:in `block in instrument'
activesupport (6.1.3) lib/active_support/notifications/instrumenter.rb:24:in `instrument'
activesupport (6.1.3) lib/active_support/notifications.rb:203:in `instrument'
actionpack (6.1.3) lib/action_controller/metal/instrumentation.rb:33:in `process_action'
actionpack (6.1.3) lib/action_controller/metal/params_wrapper.rb:249:in `process_action'
activerecord (6.1.3) lib/active_record/railties/controller_runtime.rb:27:in `process_action'
actionpack (6.1.3) lib/abstract_controller/base.rb:165:in `process'
actionview (6.1.3) lib/action_view/rendering.rb:39:in `process'
actionpack (6.1.3) lib/action_controller/metal.rb:190:in `dispatch'
actionpack (6.1.3) lib/action_controller/metal.rb:254:in `dispatch'
actionpack (6.1.3) lib/action_dispatch/routing/route_set.rb:50:in `dispatch'
actionpack (6.1.3) lib/action_dispatch/routing/route_set.rb:33:in `serve'
actionpack (6.1.3) lib/action_dispatch/journey/router.rb:50:in `block in serve'
actionpack (6.1.3) lib/action_dispatch/journey/router.rb:32:in `each'
actionpack (6.1.3) lib/action_dispatch/journey/router.rb:32:in `serve'
actionpack (6.1.3) lib/action_dispatch/routing/route_set.rb:842:in `call'
rack (2.2.3) lib/rack/tempfile_reaper.rb:15:in `call'
rack (2.2.3) lib/rack/etag.rb:27:in `call'
rack (2.2.3) lib/rack/conditional_get.rb:40:in `call'
rack (2.2.3) lib/rack/head.rb:12:in `call'
actionpack (6.1.3) lib/action_dispatch/http/permissions_policy.rb:22:in `call'
actionpack (6.1.3) lib/action_dispatch/http/content_security_policy.rb:18:in `call'
rack (2.2.3) lib/rack/session/abstract/id.rb:266:in `context'
rack (2.2.3) lib/rack/session/abstract/id.rb:260:in `call'
actionpack (6.1.3) lib/action_dispatch/middleware/cookies.rb:689:in `call'
activerecord (6.1.3) lib/active_record/migration.rb:601:in `call'
actionpack (6.1.3) lib/action_dispatch/middleware/callbacks.rb:27:in `block in call'
activesupport (6.1.3) lib/active_support/callbacks.rb:98:in `run_callbacks'
actionpack (6.1.3) lib/action_dispatch/middleware/callbacks.rb:26:in `call'
actionpack (6.1.3) lib/action_dispatch/middleware/executor.rb:14:in `call'
actionpack (6.1.3) lib/action_dispatch/middleware/actionable_exceptions.rb:18:in `call'
actionpack (6.1.3) lib/action_dispatch/middleware/debug_exceptions.rb:29:in `call'
web-console (4.1.0) lib/web_console/middleware.rb:132:in `call_app'
web-console (4.1.0) lib/web_console/middleware.rb:28:in `block in call'
web-console (4.1.0) lib/web_console/middleware.rb:17:in `catch'
web-console (4.1.0) lib/web_console/middleware.rb:17:in `call'
actionpack (6.1.3) lib/action_dispatch/middleware/show_exceptions.rb:33:in `call'
railties (6.1.3) lib/rails/rack/logger.rb:37:in `call_app'
railties (6.1.3) lib/rails/rack/logger.rb:26:in `block in call'
activesupport (6.1.3) lib/active_support/tagged_logging.rb:99:in `block in tagged'
activesupport (6.1.3) lib/active_support/tagged_logging.rb:37:in `tagged'
activesupport (6.1.3) lib/active_support/tagged_logging.rb:99:in `tagged'
railties (6.1.3) lib/rails/rack/logger.rb:26:in `call'
sprockets-rails (3.2.2) lib/sprockets/rails/quiet_assets.rb:13:in `call'
actionpack (6.1.3) lib/action_dispatch/middleware/remote_ip.rb:81:in `call'
actionpack (6.1.3) lib/action_dispatch/middleware/request_id.rb:26:in `call'
rack (2.2.3) lib/rack/method_override.rb:24:in `call'
rack (2.2.3) lib/rack/runtime.rb:22:in `call'
activesupport (6.1.3) lib/active_support/cache/strategy/local_cache_middleware.rb:29:in `call'
actionpack (6.1.3) lib/action_dispatch/middleware/executor.rb:14:in `call'
actionpack (6.1.3) lib/action_dispatch/middleware/static.rb:24:in `call'
rack (2.2.3) lib/rack/sendfile.rb:110:in `call'
actionpack (6.1.3) lib/action_dispatch/middleware/host_authorization.rb:98:in `call'
rack-mini-profiler (2.3.1) lib/mini_profiler/profiler.rb:373:in `call'
webpacker (5.2.1) lib/webpacker/dev_server_proxy.rb:25:in `perform_request'
rack-proxy (0.6.5) lib/rack/proxy.rb:57:in `call'
railties (6.1.3) lib/rails/engine.rb:539:in `call'
puma (5.2.2) lib/puma/configuration.rb:248:in `call'
puma (5.2.2) lib/puma/request.rb:76:in `block in handle_request'
puma (5.2.2) lib/puma/thread_pool.rb:337:in `with_force_shutdown'
puma (5.2.2) lib/puma/request.rb:75:in `handle_request'
puma (5.2.2) lib/puma/server.rb:431:in `process_client'
puma (5.2.2) lib/puma/thread_pool.rb:145:in `block in spawn_thread'
Started GET "/users/new" for ::1 at 2021-03-07 14:14:09 -0500
Processing by UsersController#new as HTML
  Rendering layout layouts/application.html.erb
  Rendering users/new.html.erb within layouts/application
  Rendered users/new.html.erb within layouts/application (Duration: 2.2ms | Allocations: 150)
[Webpacker] Everything's up-to-date. Nothing to do
  Rendered layout layouts/application.html.erb (Duration: 14.8ms | Allocations: 3825)
Completed 200 OK in 19ms (Views: 17.6ms | ActiveRecord: 0.0ms | Allocations: 4909)


Started POST "/users" for ::1 at 2021-03-07 14:14:16 -0500
Processing by UsersController#create as HTML
  Parameters: {"authenticity_token"=>"[FILTERED]", "username"=>"michpara", "email"=>"michpara@yahoo.com", "password"=>"[FILTERED]"}
No template found for UsersController#create, rendering head :no_content
Completed 204 No Content in 9ms (ActiveRecord: 0.0ms | Allocations: 1508)


Started POST "/users" for ::1 at 2021-03-07 14:14:17 -0500
Processing by UsersController#create as HTML
  Parameters: {"authenticity_token"=>"[FILTERED]", "username"=>"michpara", "email"=>"michpara@yahoo.com", "password"=>"[FILTERED]"}
No template found for UsersController#create, rendering head :no_content
Completed 204 No Content in 2ms (ActiveRecord: 0.0ms | Allocations: 301)


Started GET "/users/new" for ::1 at 2021-03-07 14:16:22 -0500
Processing by UsersController#new as HTML
  Rendering layout layouts/application.html.erb
  Rendering users/new.html.erb within layouts/application
  Rendered users/new.html.erb within layouts/application (Duration: 0.5ms | Allocations: 57)
[Webpacker] Everything's up-to-date. Nothing to do
  Rendered layout layouts/application.html.erb (Duration: 9.1ms | Allocations: 3538)
Completed 200 OK in 12ms (Views: 10.6ms | Allocations: 4034)


Started POST "/users" for ::1 at 2021-03-07 14:16:32 -0500
Processing by UsersController#create as HTML
  Parameters: {"authenticity_token"=>"[FILTERED]", "username"=>"michpara", "email"=>"michpara@yahoo.com", "password"=>"[FILTERED]"}
  [1m[35m (0.3ms)[0m  [1m[34mSELECT sqlite_version(*)[0m
  ↳ app/controllers/users_controller.rb:6:in `create'
  [1m[36mTRANSACTION (0.1ms)[0m  [1m[36mbegin transaction[0m
  ↳ app/controllers/users_controller.rb:8:in `create'
  [1m[36mUser Exists? (1.5ms)[0m  [1m[34mSELECT 1 AS one FROM "users" WHERE "users"."username" = ? LIMIT ?[0m  [["username", "michpara"], ["LIMIT", 1]]
  ↳ app/controllers/users_controller.rb:8:in `create'
  [1m[36mUser Exists? (0.1ms)[0m  [1m[34mSELECT 1 AS one FROM "users" WHERE "users"."email" = ? LIMIT ?[0m  [["email", "michpara@yahoo.com"], ["LIMIT", 1]]
  ↳ app/controllers/users_controller.rb:8:in `create'
  [1m[36mUser Create (1.4ms)[0m  [1m[32mINSERT INTO "users" ("username", "email", "password", "created_at", "updated_at") VALUES (?, ?, ?, ?, ?)[0m  [["username", "michpara"], ["email", "michpara@yahoo.com"], ["password", "password"], ["created_at", "2021-03-07 19:16:32.486394"], ["updated_at", "2021-03-07 19:16:32.486394"]]
  ↳ app/controllers/users_controller.rb:8:in `create'
  [1m[36mTRANSACTION (1.8ms)[0m  [1m[36mcommit transaction[0m
  ↳ app/controllers/users_controller.rb:8:in `create'
Redirected to http://localhost:3000/users/new
Completed 302 Found in 34ms (ActiveRecord: 6.3ms | Allocations: 9344)


Started GET "/users/new" for ::1 at 2021-03-07 14:16:32 -0500
Processing by UsersController#new as HTML
  Rendering layout layouts/application.html.erb
  Rendering users/new.html.erb within layouts/application
  Rendered users/new.html.erb within layouts/application (Duration: 0.9ms | Allocations: 56)
[Webpacker] Everything's up-to-date. Nothing to do
  Rendered layout layouts/application.html.erb (Duration: 17.2ms | Allocations: 3546)
Completed 200 OK in 20ms (Views: 19.2ms | ActiveRecord: 0.0ms | Allocations: 3921)


Started GET "/users/new" for ::1 at 2021-03-07 14:18:13 -0500
Processing by UsersController#new as HTML
  Rendering layout layouts/application.html.erb
  Rendering users/new.html.erb within layouts/application
  Rendered users/new.html.erb within layouts/application (Duration: 0.6ms | Allocations: 154)
[Webpacker] Everything's up-to-date. Nothing to do
  Rendered layout layouts/application.html.erb (Duration: 9.1ms | Allocations: 3829)
Completed 200 OK in 14ms (Views: 12.3ms | ActiveRecord: 0.0ms | Allocations: 4914)


Started POST "/users" for ::1 at 2021-03-07 14:18:21 -0500
Processing by UsersController#create as HTML
  Parameters: {"authenticity_token"=>"[FILTERED]", "user"=>{"username"=>"michpara1", "email"=>"michpara1@yahoo.com", "password"=>"[FILTERED]"}}
  [1m[36mTRANSACTION (0.1ms)[0m  [1m[36mbegin transaction[0m
  ↳ app/controllers/users_controller.rb:8:in `create'
  [1m[36mUser Exists? (0.3ms)[0m  [1m[34mSELECT 1 AS one FROM "users" WHERE "users"."username" IS NULL LIMIT ?[0m  [["LIMIT", 1]]
  ↳ app/controllers/users_controller.rb:8:in `create'
  [1m[36mUser Exists? (0.2ms)[0m  [1m[34mSELECT 1 AS one FROM "users" WHERE "users"."email" IS NULL LIMIT ?[0m  [["LIMIT", 1]]
  ↳ app/controllers/users_controller.rb:8:in `create'
  [1m[36mTRANSACTION (0.1ms)[0m  [1m[31mrollback transaction[0m
  ↳ app/controllers/users_controller.rb:8:in `create'
  Rendering layout layouts/application.html.erb
  Rendering users/new.html.erb within layouts/application
  Rendered users/new.html.erb within layouts/application (Duration: 0.3ms | Allocations: 55)
[Webpacker] Everything's up-to-date. Nothing to do
  Rendered layout layouts/application.html.erb (Duration: 13.0ms | Allocations: 3467)
Completed 200 OK in 31ms (Views: 14.0ms | ActiveRecord: 0.7ms | Allocations: 7372)


Started GET "/users" for ::1 at 2021-03-07 14:21:05 -0500
  
ActionController::RoutingError (No route matches [GET] "/users"):
  
Started GET "/users/new" for ::1 at 2021-03-07 14:21:22 -0500
Processing by UsersController#new as HTML
  Rendering layout layouts/application.html.erb
  Rendering users/new.html.erb within layouts/application
  Rendered users/new.html.erb within layouts/application (Duration: 0.3ms | Allocations: 57)
[Webpacker] Everything's up-to-date. Nothing to do
  Rendered layout layouts/application.html.erb (Duration: 14.6ms | Allocations: 3559)
Completed 200 OK in 17ms (Views: 15.9ms | Allocations: 4054)


Started POST "/users" for ::1 at 2021-03-07 14:21:33 -0500
Processing by UsersController#create as HTML
  Parameters: {"authenticity_token"=>"[FILTERED]", "user"=>{"username"=>"michpara2", "email"=>"michpara2@yahoo.com", "password"=>"[FILTERED]"}}
Completed 400 Bad Request in 4ms (Allocations: 952)


  
ActionController::ParameterMissing (param is missing or the value is empty: post
Did you mean?  controller
               user
               action
               authenticity_token):
  
app/controllers/users_controller.rb:18:in `user_params'
app/controllers/users_controller.rb:6:in `create'
Started GET "/users/new" for ::1 at 2021-03-07 14:21:54 -0500
Processing by UsersController#new as HTML
  Rendering layout layouts/application.html.erb
  Rendering users/new.html.erb within layouts/application
  Rendered users/new.html.erb within layouts/application (Duration: 0.3ms | Allocations: 57)
[Webpacker] Everything's up-to-date. Nothing to do
  Rendered layout layouts/application.html.erb (Duration: 10.6ms | Allocations: 3538)
Completed 200 OK in 13ms (Views: 11.8ms | Allocations: 4033)


Started GET "/users/new" for ::1 at 2021-03-07 14:21:55 -0500
Processing by UsersController#new as HTML
  Rendering layout layouts/application.html.erb
  Rendering users/new.html.erb within layouts/application
  Rendered users/new.html.erb within layouts/application (Duration: 0.7ms | Allocations: 56)
[Webpacker] Everything's up-to-date. Nothing to do
  Rendered layout layouts/application.html.erb (Duration: 15.3ms | Allocations: 3546)
Completed 200 OK in 18ms (Views: 16.5ms | Allocations: 3920)


Started POST "/users" for ::1 at 2021-03-07 14:22:04 -0500
Processing by UsersController#create as HTML
  Parameters: {"authenticity_token"=>"[FILTERED]", "user"=>{"username"=>"michpara43", "email"=>"michpara43@yahoo.com", "password"=>"[FILTERED]"}}
  [1m[35m (0.1ms)[0m  [1m[34mSELECT sqlite_version(*)[0m
  ↳ app/controllers/users_controller.rb:6:in `create'
  [1m[36mTRANSACTION (0.1ms)[0m  [1m[36mbegin transaction[0m
  ↳ app/controllers/users_controller.rb:8:in `create'
  [1m[36mUser Exists? (0.2ms)[0m  [1m[34mSELECT 1 AS one FROM "users" WHERE "users"."username" = ? LIMIT ?[0m  [["username", "michpara43"], ["LIMIT", 1]]
  ↳ app/controllers/users_controller.rb:8:in `create'
  [1m[36mUser Exists? (0.1ms)[0m  [1m[34mSELECT 1 AS one FROM "users" WHERE "users"."email" = ? LIMIT ?[0m  [["email", "michpara43@yahoo.com"], ["LIMIT", 1]]
  ↳ app/controllers/users_controller.rb:8:in `create'
  [1m[36mUser Create (0.4ms)[0m  [1m[32mINSERT INTO "users" ("username", "email", "password", "created_at", "updated_at") VALUES (?, ?, ?, ?, ?)[0m  [["username", "michpara43"], ["email", "michpara43@yahoo.com"], ["password", "password"], ["created_at", "2021-03-07 19:22:04.419410"], ["updated_at", "2021-03-07 19:22:04.419410"]]
  ↳ app/controllers/users_controller.rb:8:in `create'
  [1m[36mTRANSACTION (1.6ms)[0m  [1m[36mcommit transaction[0m
  ↳ app/controllers/users_controller.rb:8:in `create'
Redirected to http://localhost:3000/users/new
Completed 302 Found in 28ms (ActiveRecord: 3.6ms | Allocations: 7973)


Started GET "/users/new" for ::1 at 2021-03-07 14:22:04 -0500
Processing by UsersController#new as HTML
  Rendering layout layouts/application.html.erb
  Rendering users/new.html.erb within layouts/application
  Rendered users/new.html.erb within layouts/application (Duration: 0.4ms | Allocations: 56)
[Webpacker] Everything's up-to-date. Nothing to do
  Rendered layout layouts/application.html.erb (Duration: 16.8ms | Allocations: 3547)
Completed 200 OK in 19ms (Views: 17.9ms | ActiveRecord: 0.0ms | Allocations: 3921)


Started GET "/" for ::1 at 2021-03-07 14:46:20 -0500
  [1m[35m (1.0ms)[0m  [1m[34mSELECT sqlite_version(*)[0m
  [1m[35m (0.3ms)[0m  [1m[34mSELECT "schema_migrations"."version" FROM "schema_migrations" ORDER BY "schema_migrations"."version" ASC[0m
Processing by Rails::WelcomeController#index as HTML
  Rendering /Users/michpara/.rbenv/versions/2.7.0/lib/ruby/gems/2.7.0/gems/railties-6.1.3/lib/rails/templates/rails/welcome/index.html.erb
  Rendered /Users/michpara/.rbenv/versions/2.7.0/lib/ruby/gems/2.7.0/gems/railties-6.1.3/lib/rails/templates/rails/welcome/index.html.erb (Duration: 8.9ms | Allocations: 338)
Completed 200 OK in 29ms (Views: 14.9ms | ActiveRecord: 0.0ms | Allocations: 2530)


Started GET "/users/new" for ::1 at 2021-03-07 14:46:26 -0500
Processing by UsersController#new as HTML
  Rendering layout layouts/application.html.erb
  Rendering users/new.html.erb within layouts/application
  Rendered users/new.html.erb within layouts/application (Duration: 28.7ms | Allocations: 2471)
[Webpacker] Everything's up-to-date. Nothing to do
  Rendered layout layouts/application.html.erb (Duration: 92.6ms | Allocations: 7908)
Completed 200 OK in 109ms (Views: 102.8ms | ActiveRecord: 0.0ms | Allocations: 9050)


Started POST "/users/new" for ::1 at 2021-03-07 14:46:40 -0500
  
ActionController::RoutingError (No route matches [POST] "/users/new"):
  
Started POST "/users/new" for ::1 at 2021-03-07 14:50:31 -0500
  
ActionController::RoutingError (No route matches [POST] "/users/new"):
  
Started GET "/users/new" for ::1 at 2021-03-07 14:50:33 -0500
Processing by UsersController#new as HTML
  Rendering layout layouts/application.html.erb
  Rendering users/new.html.erb within layouts/application
  Rendered users/new.html.erb within layouts/application (Duration: 1.5ms | Allocations: 427)
[Webpacker] Everything's up-to-date. Nothing to do
  Rendered layout layouts/application.html.erb (Duration: 805.2ms | Allocations: 4218)
Completed 200 OK in 813ms (Views: 809.1ms | Allocations: 5386)


Started POST "/users" for ::1 at 2021-03-07 14:50:43 -0500
Processing by UsersController#create as HTML
  Parameters: {"authenticity_token"=>"[FILTERED]", "username"=>"jnnajf`", "email"=>"jkafjha@yahoo.com", "password"=>"[FILTERED]", "commit"=>"Save changes"}
  [1m[35m (0.2ms)[0m  [1m[34mSELECT sqlite_version(*)[0m
  ↳ app/controllers/users_controller.rb:6:in `create'
  [1m[36mTRANSACTION (0.1ms)[0m  [1m[36mbegin transaction[0m
  ↳ app/controllers/users_controller.rb:8:in `create'
  [1m[36mUser Exists? (0.4ms)[0m  [1m[34mSELECT 1 AS one FROM "users" WHERE "users"."username" = ? LIMIT ?[0m  [["username", "jnnajf`"], ["LIMIT", 1]]
  ↳ app/controllers/users_controller.rb:8:in `create'
  [1m[36mUser Exists? (0.3ms)[0m  [1m[34mSELECT 1 AS one FROM "users" WHERE "users"."email" = ? LIMIT ?[0m  [["email", "jkafjha@yahoo.com"], ["LIMIT", 1]]
  ↳ app/controllers/users_controller.rb:8:in `create'
  [1m[36mUser Create (0.8ms)[0m  [1m[32mINSERT INTO "users" ("username", "email", "password", "created_at", "updated_at") VALUES (?, ?, ?, ?, ?)[0m  [["username", "jnnajf`"], ["email", "jkafjha@yahoo.com"], ["password", "aklghfjkaghjka"], ["created_at", "2021-03-07 19:50:43.331776"], ["updated_at", "2021-03-07 19:50:43.331776"]]
  ↳ app/controllers/users_controller.rb:8:in `create'
  [1m[36mTRANSACTION (2.4ms)[0m  [1m[36mcommit transaction[0m
  ↳ app/controllers/users_controller.rb:8:in `create'
Redirected to http://localhost:3000/users/new
Completed 302 Found in 52ms (ActiveRecord: 5.5ms | Allocations: 9323)


Started GET "/users/new" for ::1 at 2021-03-07 14:50:43 -0500
Processing by UsersController#new as HTML
  Rendering layout layouts/application.html.erb
  Rendering users/new.html.erb within layouts/application
  Rendered users/new.html.erb within layouts/application (Duration: 0.8ms | Allocations: 206)
[Webpacker] Everything's up-to-date. Nothing to do
  Rendered layout layouts/application.html.erb (Duration: 11.2ms | Allocations: 3696)
Completed 200 OK in 14ms (Views: 12.4ms | ActiveRecord: 0.0ms | Allocations: 4073)


Started POST "/users" for ::1 at 2021-03-07 14:58:08 -0500
Processing by UsersController#create as HTML
  Parameters: {"authenticity_token"=>"[FILTERED]", "username"=>"faiuhgiuv", "email"=>"h@gmail.com", "password"=>"[FILTERED]", "commit"=>"Save changes"}
  [1m[35m (0.1ms)[0m  [1m[34mSELECT sqlite_version(*)[0m
  ↳ app/controllers/users_controller.rb:8:in `create'
  [1m[36mTRANSACTION (0.1ms)[0m  [1m[36mbegin transaction[0m
  ↳ app/controllers/users_controller.rb:8:in `create'
  [1m[36mUser Exists? (0.2ms)[0m  [1m[34mSELECT 1 AS one FROM "users" WHERE "users"."username" = ? LIMIT ?[0m  [["username", "faiuhgiuv"], ["LIMIT", 1]]
  ↳ app/controllers/users_controller.rb:8:in `create'
  [1m[36mUser Exists? (0.2ms)[0m  [1m[34mSELECT 1 AS one FROM "users" WHERE "users"."email" = ? LIMIT ?[0m  [["email", "h@gmail.com"], ["LIMIT", 1]]
  ↳ app/controllers/users_controller.rb:8:in `create'
  [1m[36mUser Create (0.4ms)[0m  [1m[32mINSERT INTO "users" ("username", "email", "password", "created_at", "updated_at") VALUES (?, ?, ?, ?, ?)[0m  [["username", "faiuhgiuv"], ["email", "h@gmail.com"], ["password", "jahngfjkabhngjas"], ["created_at", "2021-03-07 19:58:08.144972"], ["updated_at", "2021-03-07 19:58:08.144972"]]
  ↳ app/controllers/users_controller.rb:8:in `create'
  [1m[36mTRANSACTION (1.8ms)[0m  [1m[36mcommit transaction[0m
  ↳ app/controllers/users_controller.rb:8:in `create'
Redirected to http://localhost:3000/users/new
Completed 302 Found in 27ms (ActiveRecord: 3.2ms | Allocations: 4612)


Started GET "/users/new" for ::1 at 2021-03-07 14:58:08 -0500
Processing by UsersController#new as HTML
  Rendering layout layouts/application.html.erb
  Rendering users/new.html.erb within layouts/application
  Rendered users/new.html.erb within layouts/application (Duration: 11.1ms | Allocations: 4469)
  Rendered layout layouts/application.html.erb (Duration: 12.1ms | Allocations: 4533)
Completed 500 Internal Server Error in 16ms (ActiveRecord: 0.0ms | Allocations: 5594)


  
ActionView::Template::Error (undefined local variable or method `form' for #<ActionView::Base:0x0000000000a190>
Did you mean?  for
               fork):
    10: </form>-->
    11: 
    12: <%= form_tag('/users') do %>
    13: 	<%= form.text_field :username %>
    14: 	<%= form.email_field_tag :email %>
    15: 	<%= password_field_tag 'password' %>
    16: 	<%= submit_tag %>
  
app/views/users/new.html.erb:13
app/views/users/new.html.erb:12
Started GET "/users/new" for ::1 at 2021-03-07 14:58:25 -0500
Processing by UsersController#new as HTML
  Rendering layout layouts/application.html.erb
  Rendering users/new.html.erb within layouts/application
  Rendered users/new.html.erb within layouts/application (Duration: 6.1ms | Allocations: 4462)
  Rendered layout layouts/application.html.erb (Duration: 6.5ms | Allocations: 4526)
Completed 500 Internal Server Error in 12ms (ActiveRecord: 0.0ms | Allocations: 5583)


  
ActionView::Template::Error (undefined local variable or method `form' for #<ActionView::Base:0x0000000000a5c8>
Did you mean?  for
               fork):
    10: </form>-->
    11: 
    12: <%= form_tag('/users') do %>
    13: 	<%= form.text_field 'username' %>
    14: 	<%= form.email_field_tag 'email' %>
    15: 	<%= password_field_tag 'password' %>
    16: 	<%= submit_tag %>
  
app/views/users/new.html.erb:13
app/views/users/new.html.erb:12
Started GET "/users/new" for ::1 at 2021-03-07 14:59:24 -0500
Processing by UsersController#new as HTML
  Rendering layout layouts/application.html.erb
  Rendering users/new.html.erb within layouts/application
  Rendered users/new.html.erb within layouts/application (Duration: 10.9ms | Allocations: 4462)
  Rendered layout layouts/application.html.erb (Duration: 11.3ms | Allocations: 4526)
Completed 500 Internal Server Error in 18ms (ActiveRecord: 0.0ms | Allocations: 5582)


  
ActionView::Template::Error (undefined local variable or method `form' for #<ActionView::Base:0x0000000000aa50>
Did you mean?  for
               fork):
     9:   <input type="submit" value="Submit">
    10: </form>-->
    11: 
    12: <%= form_tag('/users') do -%>
    13: 	<%= form.text_field 'username' %>
    14: 	<%= form.email_field_tag 'email' %>
    15: 	<%= password_field_tag 'password' %>
  
app/views/users/new.html.erb:12
app/views/users/new.html.erb:12
Started GET "/users/new" for ::1 at 2021-03-07 15:00:20 -0500
Processing by UsersController#new as HTML
  Rendering layout layouts/application.html.erb
  Rendering users/new.html.erb within layouts/application
  Rendered users/new.html.erb within layouts/application (Duration: 1.4ms | Allocations: 1207)
  Rendered layout layouts/application.html.erb (Duration: 1.7ms | Allocations: 1271)
Completed 500 Internal Server Error in 8ms (ActiveRecord: 0.0ms | Allocations: 2327)


  
ActionView::Template::Error (wrong number of arguments (given 1, expected 2..3)):
     9:   <input type="submit" value="Submit">
    10: </form>-->
    11: 
    12: <%= form_tag('/users') do -%>
    13: 	<%= text_field 'username' %>
    14: 	<%= email_field_tag 'email' %>
    15: 	<%= password_field_tag 'password' %>
  
app/views/users/new.html.erb:12
app/views/users/new.html.erb:12
Started GET "/users/new" for ::1 at 2021-03-07 15:01:24 -0500
Processing by UsersController#new as HTML
  Rendering layout layouts/application.html.erb
  Rendering users/new.html.erb within layouts/application
  Rendered users/new.html.erb within layouts/application (Duration: 1.1ms | Allocations: 397)
[Webpacker] Everything's up-to-date. Nothing to do
  Rendered layout layouts/application.html.erb (Duration: 11.9ms | Allocations: 4070)
Completed 200 OK in 17ms (Views: 15.0ms | ActiveRecord: 0.0ms | Allocations: 5154)


Started POST "/users" for ::1 at 2021-03-07 15:01:33 -0500
Processing by UsersController#create as HTML
  Parameters: {"authenticity_token"=>"[FILTERED]", "username"=>"ghisuhbijkuz", "email"=>"a@gmail.com", "password"=>"[FILTERED]", "commit"=>"Save changes"}
  [1m[36mTRANSACTION (0.2ms)[0m  [1m[36mbegin transaction[0m
  ↳ app/controllers/users_controller.rb:8:in `create'
  [1m[36mUser Exists? (0.3ms)[0m  [1m[34mSELECT 1 AS one FROM "users" WHERE "users"."username" = ? LIMIT ?[0m  [["username", "ghisuhbijkuz"], ["LIMIT", 1]]
  ↳ app/controllers/users_controller.rb:8:in `create'
  [1m[36mUser Exists? (0.2ms)[0m  [1m[34mSELECT 1 AS one FROM "users" WHERE "users"."email" = ? LIMIT ?[0m  [["email", "a@gmail.com"], ["LIMIT", 1]]
  ↳ app/controllers/users_controller.rb:8:in `create'
  [1m[36mUser Create (0.5ms)[0m  [1m[32mINSERT INTO "users" ("username", "email", "password", "created_at", "updated_at") VALUES (?, ?, ?, ?, ?)[0m  [["username", "ghisuhbijkuz"], ["email", "a@gmail.com"], ["password", "fjksuwonqr2hou"], ["created_at", "2021-03-07 20:01:33.760822"], ["updated_at", "2021-03-07 20:01:33.760822"]]
  ↳ app/controllers/users_controller.rb:8:in `create'
  [1m[36mTRANSACTION (1.7ms)[0m  [1m[36mcommit transaction[0m
  ↳ app/controllers/users_controller.rb:8:in `create'
Redirected to http://localhost:3000/users/new
Completed 302 Found in 22ms (ActiveRecord: 2.9ms | Allocations: 4037)


Started GET "/users/new" for ::1 at 2021-03-07 15:01:33 -0500
Processing by UsersController#new as HTML
  Rendering layout layouts/application.html.erb
  Rendering users/new.html.erb within layouts/application
  Rendered users/new.html.erb within layouts/application (Duration: 0.8ms | Allocations: 206)
[Webpacker] Everything's up-to-date. Nothing to do
  Rendered layout layouts/application.html.erb (Duration: 10.0ms | Allocations: 3695)
Completed 200 OK in 12ms (Views: 10.8ms | ActiveRecord: 0.0ms | Allocations: 4070)


Started GET "/users/new" for ::1 at 2021-03-07 15:01:34 -0500
Processing by UsersController#new as HTML
  Rendering layout layouts/application.html.erb
  Rendering users/new.html.erb within layouts/application
  Rendered users/new.html.erb within layouts/application (Duration: 0.9ms | Allocations: 205)
[Webpacker] Everything's up-to-date. Nothing to do
  Rendered layout layouts/application.html.erb (Duration: 19.1ms | Allocations: 3695)
Completed 200 OK in 23ms (Views: 21.8ms | ActiveRecord: 0.0ms | Allocations: 4070)


Started GET "/users/new" for ::1 at 2021-03-07 15:07:45 -0500
Processing by UsersController#new as HTML
  [1m[35m (0.1ms)[0m  [1m[34mSELECT sqlite_version(*)[0m
  ↳ app/controllers/users_controller.rb:3:in `new'
  Rendering layout layouts/application.html.erb
  Rendering users/new.html.erb within layouts/application
  Rendered users/new.html.erb within layouts/application (Duration: 2.3ms | Allocations: 858)
[Webpacker] Everything's up-to-date. Nothing to do
  Rendered layout layouts/application.html.erb (Duration: 11.7ms | Allocations: 4509)
Completed 200 OK in 23ms (Views: 14.0ms | ActiveRecord: 0.3ms | Allocations: 9035)


Started GET "/users/new" for ::1 at 2021-03-07 15:08:36 -0500
Processing by UsersController#new as HTML
  Rendering layout layouts/application.html.erb
  Rendering users/new.html.erb within layouts/application
  Rendered users/new.html.erb within layouts/application (Duration: 14.6ms | Allocations: 3532)
[Webpacker] Everything's up-to-date. Nothing to do
  Rendered layout layouts/application.html.erb (Duration: 22.9ms | Allocations: 7099)
Completed 200 OK in 28ms (Views: 26.2ms | ActiveRecord: 0.0ms | Allocations: 8198)


Started POST "/users" for ::1 at 2021-03-07 15:08:47 -0500
Processing by UsersController#create as HTML
  Parameters: {"authenticity_token"=>"[FILTERED]", "user"=>{"username"=>"michpara99", "email"=>"michparadis@yahoo.com", "password"=>"[FILTERED]"}, "commit"=>"Create"}
  [1m[36mTRANSACTION (0.1ms)[0m  [1m[36mbegin transaction[0m
  ↳ app/controllers/users_controller.rb:9:in `create'
  [1m[36mUser Exists? (0.3ms)[0m  [1m[34mSELECT 1 AS one FROM "users" WHERE "users"."username" = ? LIMIT ?[0m  [["username", "michpara99"], ["LIMIT", 1]]
  ↳ app/controllers/users_controller.rb:9:in `create'
  [1m[36mUser Exists? (0.2ms)[0m  [1m[34mSELECT 1 AS one FROM "users" WHERE "users"."email" = ? LIMIT ?[0m  [["email", "michparadis@yahoo.com"], ["LIMIT", 1]]
  ↳ app/controllers/users_controller.rb:9:in `create'
  [1m[36mUser Create (0.4ms)[0m  [1m[32mINSERT INTO "users" ("username", "email", "password", "created_at", "updated_at") VALUES (?, ?, ?, ?, ?)[0m  [["username", "michpara99"], ["email", "michparadis@yahoo.com"], ["password", "password"], ["created_at", "2021-03-07 20:08:47.157963"], ["updated_at", "2021-03-07 20:08:47.157963"]]
  ↳ app/controllers/users_controller.rb:9:in `create'
  [1m[36mTRANSACTION (1.8ms)[0m  [1m[36mcommit transaction[0m
  ↳ app/controllers/users_controller.rb:9:in `create'
Redirected to http://localhost:3000/users/new
Completed 302 Found in 18ms (ActiveRecord: 2.8ms | Allocations: 4162)


Started GET "/users/new" for ::1 at 2021-03-07 15:08:47 -0500
Processing by UsersController#new as HTML
  Rendering layout layouts/application.html.erb
  Rendering users/new.html.erb within layouts/application
  Rendered users/new.html.erb within layouts/application (Duration: 2.8ms | Allocations: 599)
[Webpacker] Everything's up-to-date. Nothing to do
  Rendered layout layouts/application.html.erb (Duration: 15.2ms | Allocations: 4088)
Completed 200 OK in 17ms (Views: 16.2ms | ActiveRecord: 0.0ms | Allocations: 4478)


Started GET "/users/new" for ::1 at 2021-03-07 15:33:40 -0500
Processing by UsersController#new as HTML
  [1m[35m (0.1ms)[0m  [1m[34mSELECT sqlite_version(*)[0m
  ↳ app/controllers/users_controller.rb:3:in `new'
  Rendering layout layouts/application.html.erb
  Rendering users/new.html.erb within layouts/application
  Rendered users/new.html.erb within layouts/application (Duration: 18.5ms | Allocations: 999)
[Webpacker] Everything's up-to-date. Nothing to do
  Rendered layout layouts/application.html.erb (Duration: 59.8ms | Allocations: 4651)
Completed 200 OK in 100ms (Views: 70.3ms | ActiveRecord: 0.5ms | Allocations: 9145)


Started GET "/users/new" for ::1 at 2021-03-07 15:33:53 -0500
Processing by UsersController#new as HTML
  Rendering layout layouts/application.html.erb
  Rendering users/new.html.erb within layouts/application
  Rendered users/new.html.erb within layouts/application (Duration: 2.7ms | Allocations: 599)
[Webpacker] Everything's up-to-date. Nothing to do
  Rendered layout layouts/application.html.erb (Duration: 19.8ms | Allocations: 4088)
Completed 200 OK in 23ms (Views: 21.8ms | ActiveRecord: 0.0ms | Allocations: 4478)


Started GET "/users/edit" for ::1 at 2021-03-07 15:34:04 -0500
  
ActionController::RoutingError (No route matches [GET] "/users/edit"):
  
Started GET "/users/edit" for ::1 at 2021-03-07 15:34:17 -0500
  
ActionController::RoutingError (No route matches [GET] "/users/edit"):
  
Started GET "/users/edit" for ::1 at 2021-03-07 15:34:56 -0500
  
ActionController::RoutingError (No route matches [GET] "/users/edit"):
  
Started GET "/users/edit" for ::1 at 2021-03-07 15:35:03 -0500
  
ActionController::RoutingError (No route matches [GET] "/users/edit"):
  
Started GET "/users/new" for ::1 at 2021-03-07 15:37:26 -0500
  
SyntaxError (/Users/michpara/Desktop/re-former/app/controllers/users_controller.rb:26: syntax error, unexpected `end'
      	end
      	^~~
/Users/michpara/Desktop/re-former/app/controllers/users_controller.rb:34: syntax error, unexpected end-of-input, expecting `end'):
  
app/controllers/users_controller.rb:26: syntax error, unexpected `end'
app/controllers/users_controller.rb:34: syntax error, unexpected end-of-input, expecting `end'
app/controllers/users_controller.rb:26: syntax error, unexpected `end'
app/controllers/users_controller.rb:34: syntax error, unexpected end-of-input, expecting `end'
app/controllers/users_controller.rb:26: syntax error, unexpected `end'
app/controllers/users_controller.rb:34: syntax error, unexpected end-of-input, expecting `end'
Started GET "/users/new" for ::1 at 2021-03-07 15:38:02 -0500
Processing by UsersController#new as HTML
  [1m[35m (0.1ms)[0m  [1m[34mSELECT sqlite_version(*)[0m
  ↳ app/controllers/users_controller.rb:3:in `new'
  Rendering layout layouts/application.html.erb
  Rendering users/new.html.erb within layouts/application
  Rendered users/new.html.erb within layouts/application (Duration: 16.0ms | Allocations: 996)
[Webpacker] Everything's up-to-date. Nothing to do
  Rendered layout layouts/application.html.erb (Duration: 57.5ms | Allocations: 4648)
Completed 200 OK in 139ms (Views: 67.8ms | ActiveRecord: 1.9ms | Allocations: 9558)


Started GET "/users/edit" for ::1 at 2021-03-07 15:38:05 -0500
  
ActionController::RoutingError (No route matches [GET] "/users/edit"):
  
Started GET "/users/edit" for ::1 at 2021-03-07 15:39:41 -0500
  
ActionController::RoutingError (No route matches [GET] "/users/edit"):
  
Started GET "/users/new" for ::1 at 2021-03-07 15:44:03 -0500
Processing by UsersController#new as HTML
  Rendering layout layouts/application.html.erb
  Rendering users/new.html.erb within layouts/application
  Rendered users/new.html.erb within layouts/application (Duration: 3.6ms | Allocations: 940)
[Webpacker] Everything's up-to-date. Nothing to do
  Rendered layout layouts/application.html.erb (Duration: 15.6ms | Allocations: 4613)
Completed 200 OK in 20ms (Views: 18.5ms | Allocations: 5711)


Started GET "/users/new" for ::1 at 2021-03-07 15:44:04 -0500
Processing by UsersController#new as HTML
  Rendering layout layouts/application.html.erb
  Rendering users/new.html.erb within layouts/application
  Rendered users/new.html.erb within layouts/application (Duration: 2.9ms | Allocations: 599)
[Webpacker] Everything's up-to-date. Nothing to do
  Rendered layout layouts/application.html.erb (Duration: 15.7ms | Allocations: 4088)
Completed 200 OK in 20ms (Views: 18.5ms | Allocations: 4478)


Started POST "/users" for ::1 at 2021-03-07 15:44:50 -0500
Processing by UsersController#create as HTML
  Parameters: {"authenticity_token"=>"[FILTERED]", "user"=>{"username"=>"michpara99", "email"=>"michparadis@yahoo.com", "password"=>"[FILTERED]"}, "commit"=>"Create"}
  [1m[35m (0.1ms)[0m  [1m[34mSELECT sqlite_version(*)[0m
  ↳ app/controllers/users_controller.rb:13:in `create'
  [1m[36mTRANSACTION (0.1ms)[0m  [1m[36mbegin transaction[0m
  ↳ app/controllers/users_controller.rb:13:in `create'
  [1m[36mUser Exists? (1.4ms)[0m  [1m[34mSELECT 1 AS one FROM "users" WHERE "users"."username" = ? LIMIT ?[0m  [["username", "michpara99"], ["LIMIT", 1]]
  ↳ app/controllers/users_controller.rb:13:in `create'
  [1m[36mUser Exists? (0.2ms)[0m  [1m[34mSELECT 1 AS one FROM "users" WHERE "users"."email" = ? LIMIT ?[0m  [["email", "michparadis@yahoo.com"], ["LIMIT", 1]]
  ↳ app/controllers/users_controller.rb:13:in `create'
  [1m[36mTRANSACTION (0.1ms)[0m  [1m[31mrollback transaction[0m
  ↳ app/controllers/users_controller.rb:13:in `create'
  Rendering layout layouts/application.html.erb
  Rendering users/new.html.erb within layouts/application
  Rendered users/new.html.erb within layouts/application (Duration: 23.7ms | Allocations: 4162)
[Webpacker] Everything's up-to-date. Nothing to do
  Rendered layout layouts/application.html.erb (Duration: 35.3ms | Allocations: 7583)
Completed 200 OK in 54ms (Views: 36.1ms | ActiveRecord: 2.0ms | Allocations: 12193)


Started POST "/users" for ::1 at 2021-03-07 15:45:47 -0500
Processing by UsersController#create as HTML
  Parameters: {"authenticity_token"=>"[FILTERED]", "user"=>{"username"=>"michpara99", "email"=>"michparadis@yahoo.com", "password"=>"[FILTERED]"}, "commit"=>"Create"}
  [1m[36mTRANSACTION (0.1ms)[0m  [1m[36mbegin transaction[0m
  ↳ app/controllers/users_controller.rb:13:in `create'
  [1m[36mUser Exists? (0.2ms)[0m  [1m[34mSELECT 1 AS one FROM "users" WHERE "users"."username" = ? LIMIT ?[0m  [["username", "michpara99"], ["LIMIT", 1]]
  ↳ app/controllers/users_controller.rb:13:in `create'
  [1m[36mUser Exists? (0.2ms)[0m  [1m[34mSELECT 1 AS one FROM "users" WHERE "users"."email" = ? LIMIT ?[0m  [["email", "michparadis@yahoo.com"], ["LIMIT", 1]]
  ↳ app/controllers/users_controller.rb:13:in `create'
  [1m[36mTRANSACTION (0.1ms)[0m  [1m[31mrollback transaction[0m
  ↳ app/controllers/users_controller.rb:13:in `create'
  Rendering layout layouts/application.html.erb
  Rendering users/new.html.erb within layouts/application
  Rendered users/new.html.erb within layouts/application (Duration: 7.0ms | Allocations: 1675)
[Webpacker] Everything's up-to-date. Nothing to do
  Rendered layout layouts/application.html.erb (Duration: 16.8ms | Allocations: 5086)
Completed 200 OK in 33ms (Views: 17.7ms | ActiveRecord: 0.6ms | Allocations: 9025)


  [1m[35m (2.2ms)[0m  [1m[34mSELECT sqlite_version(*)[0m
  [1m[36mUser Load (0.2ms)[0m  [1m[34mSELECT "users".* FROM "users" /* loading for inspect */ LIMIT ?[0m  [["LIMIT", 11]]
Started GET "/users" for ::1 at 2021-03-07 15:46:43 -0500
  
ActionController::RoutingError (No route matches [GET] "/users"):
  
Started GET "/users" for ::1 at 2021-03-07 15:47:01 -0500
  
ActionController::RoutingError (No route matches [GET] "/users"):
  
Started GET "/users/edit" for ::1 at 2021-03-07 15:47:06 -0500
  
ActionController::RoutingError (No route matches [GET] "/users/edit"):
  
Started GET "/users/edit/1" for ::1 at 2021-03-07 15:47:12 -0500
  
ActionController::RoutingError (No route matches [GET] "/users/edit/1"):
  
Started GET "/users/new" for ::1 at 2021-03-07 15:47:16 -0500
Processing by UsersController#new as HTML
  Rendering layout layouts/application.html.erb
  Rendering users/new.html.erb within layouts/application
  Rendered users/new.html.erb within layouts/application (Duration: 1.8ms | Allocations: 593)
[Webpacker] Everything's up-to-date. Nothing to do
  Rendered layout layouts/application.html.erb (Duration: 16.9ms | Allocations: 4092)
Completed 200 OK in 20ms (Views: 18.2ms | ActiveRecord: 0.0ms | Allocations: 4482)


Started GET "/users/new" for ::1 at 2021-03-07 15:50:18 -0500
Processing by UsersController#new as HTML
  [1m[35m (0.2ms)[0m  [1m[34mSELECT sqlite_version(*)[0m
  ↳ app/controllers/users_controller.rb:3:in `new'
  Rendering layout layouts/application.html.erb
  Rendering users/new.html.erb within layouts/application
  Rendered users/new.html.erb within layouts/application (Duration: 4.8ms | Allocations: 999)
[Webpacker] Everything's up-to-date. Nothing to do
  Rendered layout layouts/application.html.erb (Duration: 18.8ms | Allocations: 4641)
Completed 200 OK in 46ms (Views: 23.5ms | ActiveRecord: 1.7ms | Allocations: 9549)


Started POST "/users" for ::1 at 2021-03-07 15:50:32 -0500
Processing by UsersController#create as HTML
  Parameters: {"authenticity_token"=>"[FILTERED]", "user"=>{"username"=>"carmzeng", "email"=>"czeng@uottawa.ca", "password"=>"[FILTERED]"}, "commit"=>"Create"}
  [1m[36mTRANSACTION (0.1ms)[0m  [1m[36mbegin transaction[0m
  ↳ app/controllers/users_controller.rb:13:in `create'
  [1m[36mUser Exists? (0.3ms)[0m  [1m[34mSELECT 1 AS one FROM "users" WHERE "users"."username" = ? LIMIT ?[0m  [["username", "carmzeng"], ["LIMIT", 1]]
  ↳ app/controllers/users_controller.rb:13:in `create'
  [1m[36mUser Exists? (0.2ms)[0m  [1m[34mSELECT 1 AS one FROM "users" WHERE "users"."email" = ? LIMIT ?[0m  [["email", "czeng@uottawa.ca"], ["LIMIT", 1]]
  ↳ app/controllers/users_controller.rb:13:in `create'
  [1m[36mUser Create (2.1ms)[0m  [1m[32mINSERT INTO "users" ("username", "email", "password", "created_at", "updated_at") VALUES (?, ?, ?, ?, ?)[0m  [["username", "carmzeng"], ["email", "czeng@uottawa.ca"], ["password", "mypassword"], ["created_at", "2021-03-07 20:50:32.395658"], ["updated_at", "2021-03-07 20:50:32.395658"]]
  ↳ app/controllers/users_controller.rb:13:in `create'
  [1m[36mTRANSACTION (1.9ms)[0m  [1m[36mcommit transaction[0m
  ↳ app/controllers/users_controller.rb:13:in `create'
Redirected to http://localhost:3000/users/new
Completed 302 Found in 24ms (ActiveRecord: 4.6ms | Allocations: 4171)


Started GET "/users/new" for ::1 at 2021-03-07 15:50:32 -0500
Processing by UsersController#new as HTML
  Rendering layout layouts/application.html.erb
  Rendering users/new.html.erb within layouts/application
  Rendered users/new.html.erb within layouts/application (Duration: 4.1ms | Allocations: 599)
[Webpacker] Everything's up-to-date. Nothing to do
  Rendered layout layouts/application.html.erb (Duration: 20.3ms | Allocations: 4088)
Completed 200 OK in 23ms (Views: 21.1ms | ActiveRecord: 0.0ms | Allocations: 4478)


Started POST "/users" for ::1 at 2021-03-07 15:50:50 -0500
Processing by UsersController#create as HTML
  Parameters: {"authenticity_token"=>"[FILTERED]", "user"=>{"username"=>"michpara99", "email"=>"michparadis@yahoo.com", "password"=>"[FILTERED]"}, "commit"=>"Create"}
  [1m[36mTRANSACTION (0.1ms)[0m  [1m[36mbegin transaction[0m
  ↳ app/controllers/users_controller.rb:13:in `create'
  [1m[36mUser Exists? (0.3ms)[0m  [1m[34mSELECT 1 AS one FROM "users" WHERE "users"."username" = ? LIMIT ?[0m  [["username", "michpara99"], ["LIMIT", 1]]
  ↳ app/controllers/users_controller.rb:13:in `create'
  [1m[36mUser Exists? (0.2ms)[0m  [1m[34mSELECT 1 AS one FROM "users" WHERE "users"."email" = ? LIMIT ?[0m  [["email", "michparadis@yahoo.com"], ["LIMIT", 1]]
  ↳ app/controllers/users_controller.rb:13:in `create'
  [1m[36mTRANSACTION (0.1ms)[0m  [1m[31mrollback transaction[0m
  ↳ app/controllers/users_controller.rb:13:in `create'
  Rendering layout layouts/application.html.erb
  Rendering users/new.html.erb within layouts/application
  Rendered users/new.html.erb within layouts/application (Duration: 9.9ms | Allocations: 1677)
[Webpacker] Everything's up-to-date. Nothing to do
  Rendered layout layouts/application.html.erb (Duration: 23.2ms | Allocations: 5088)
Completed 200 OK in 42ms (Views: 24.2ms | ActiveRecord: 0.8ms | Allocations: 9028)


Started GET "/usersnew" for ::1 at 2021-03-07 15:51:03 -0500
  
ActionController::RoutingError (No route matches [GET] "/usersnew"):
  
Started GET "/users/new" for ::1 at 2021-03-07 15:51:07 -0500
Processing by UsersController#new as HTML
  Rendering layout layouts/application.html.erb
  Rendering users/new.html.erb within layouts/application
  Rendered users/new.html.erb within layouts/application (Duration: 2.5ms | Allocations: 593)
[Webpacker] Everything's up-to-date. Nothing to do
  Rendered layout layouts/application.html.erb (Duration: 14.8ms | Allocations: 4092)
Completed 200 OK in 17ms (Views: 16.0ms | ActiveRecord: 0.0ms | Allocations: 4481)


Started GET "/users/new" for ::1 at 2021-03-07 15:51:07 -0500
Processing by UsersController#new as HTML
  Rendering layout layouts/application.html.erb
  Rendering users/new.html.erb within layouts/application
  Rendered users/new.html.erb within layouts/application (Duration: 2.3ms | Allocations: 593)
[Webpacker] Everything's up-to-date. Nothing to do
  Rendered layout layouts/application.html.erb (Duration: 14.8ms | Allocations: 4082)
Completed 200 OK in 17ms (Views: 15.6ms | ActiveRecord: 0.0ms | Allocations: 4471)


Started POST "/users" for ::1 at 2021-03-07 15:51:27 -0500
Processing by UsersController#create as HTML
  Parameters: {"authenticity_token"=>"[FILTERED]", "user"=>{"username"=>"carmzen", "email"=>"czeng@uottawa.ca", "password"=>"[FILTERED]"}, "commit"=>"Create"}
  [1m[36mTRANSACTION (0.3ms)[0m  [1m[36mbegin transaction[0m
  ↳ app/controllers/users_controller.rb:13:in `create'
  [1m[36mUser Exists? (0.3ms)[0m  [1m[34mSELECT 1 AS one FROM "users" WHERE "users"."username" = ? LIMIT ?[0m  [["username", "carmzen"], ["LIMIT", 1]]
  ↳ app/controllers/users_controller.rb:13:in `create'
  [1m[36mUser Exists? (0.2ms)[0m  [1m[34mSELECT 1 AS one FROM "users" WHERE "users"."email" = ? LIMIT ?[0m  [["email", "czeng@uottawa.ca"], ["LIMIT", 1]]
  ↳ app/controllers/users_controller.rb:13:in `create'
  [1m[36mTRANSACTION (0.1ms)[0m  [1m[31mrollback transaction[0m
  ↳ app/controllers/users_controller.rb:13:in `create'
  Rendering layout layouts/application.html.erb
  Rendering users/new.html.erb within layouts/application
  Rendered users/new.html.erb within layouts/application (Duration: 4.8ms | Allocations: 1135)
[Webpacker] Everything's up-to-date. Nothing to do
  Rendered layout layouts/application.html.erb (Duration: 14.3ms | Allocations: 4546)
Completed 200 OK in 34ms (Views: 15.5ms | ActiveRecord: 0.9ms | Allocations: 8471)


Started GET "/users" for ::1 at 2021-03-07 15:51:29 -0500
  
ActionController::RoutingError (No route matches [GET] "/users"):
  
Started GET "/users/new" for ::1 at 2021-03-07 15:51:32 -0500
Processing by UsersController#new as HTML
  Rendering layout layouts/application.html.erb
  Rendering users/new.html.erb within layouts/application
  Rendered users/new.html.erb within layouts/application (Duration: 3.9ms | Allocations: 593)
[Webpacker] Everything's up-to-date. Nothing to do
  Rendered layout layouts/application.html.erb (Duration: 27.8ms | Allocations: 4092)
Completed 200 OK in 31ms (Views: 29.2ms | ActiveRecord: 0.0ms | Allocations: 4481)


  [1m[36mUser Load (0.2ms)[0m  [1m[34mSELECT "users".* FROM "users" /* loading for inspect */ LIMIT ?[0m  [["LIMIT", 11]]
Started POST "/users" for ::1 at 2021-03-07 15:54:28 -0500
Processing by UsersController#create as HTML
  Parameters: {"authenticity_token"=>"[FILTERED]", "user"=>{"username"=>"carmzeng", "email"=>"czeng@uottawa.ca", "password"=>"[FILTERED]"}, "commit"=>"Create"}
  [1m[35m (0.1ms)[0m  [1m[34mSELECT sqlite_version(*)[0m
  ↳ app/controllers/users_controller.rb:11:in `create'
  [1m[36mTRANSACTION (0.1ms)[0m  [1m[36mbegin transaction[0m
  ↳ app/controllers/users_controller.rb:13:in `create'
  [1m[36mUser Exists? (0.2ms)[0m  [1m[34mSELECT 1 AS one FROM "users" WHERE "users"."username" = ? LIMIT ?[0m  [["username", "carmzeng"], ["LIMIT", 1]]
  ↳ app/controllers/users_controller.rb:13:in `create'
  [1m[36mUser Exists? (0.1ms)[0m  [1m[34mSELECT 1 AS one FROM "users" WHERE "users"."email" = ? LIMIT ?[0m  [["email", "czeng@uottawa.ca"], ["LIMIT", 1]]
  ↳ app/controllers/users_controller.rb:13:in `create'
  [1m[36mTRANSACTION (0.1ms)[0m  [1m[31mrollback transaction[0m
  ↳ app/controllers/users_controller.rb:13:in `create'
  Rendering layout layouts/application.html.erb
  Rendering users/new.html.erb within layouts/application
  Rendered users/new.html.erb within layouts/application (Duration: 3.7ms | Allocations: 1732)
[Webpacker] Everything's up-to-date. Nothing to do
  Rendered layout layouts/application.html.erb (Duration: 11.8ms | Allocations: 5154)
Completed 200 OK in 33ms (Views: 12.5ms | ActiveRecord: 1.3ms | Allocations: 12944)


Started GET "/users/new" for ::1 at 2021-03-07 15:57:38 -0500
Processing by UsersController#new as HTML
  [1m[35m (0.1ms)[0m  [1m[34mSELECT sqlite_version(*)[0m
  ↳ app/controllers/users_controller.rb:3:in `new'
  Rendering layout layouts/application.html.erb
  Rendering users/new.html.erb within layouts/application
  Rendered users/new.html.erb within layouts/application (Duration: 2.0ms | Allocations: 1002)
[Webpacker] Everything's up-to-date. Nothing to do
  Rendered layout layouts/application.html.erb (Duration: 10.4ms | Allocations: 4654)
Completed 200 OK in 24ms (Views: 12.3ms | ActiveRecord: 1.0ms | Allocations: 9543)


Started GET "/users/new" for ::1 at 2021-03-07 15:57:38 -0500
Processing by UsersController#new as HTML
  Rendering layout layouts/application.html.erb
  Rendering users/new.html.erb within layouts/application
  Rendered users/new.html.erb within layouts/application (Duration: 2.8ms | Allocations: 599)
[Webpacker] Everything's up-to-date. Nothing to do
  Rendered layout layouts/application.html.erb (Duration: 10.8ms | Allocations: 4088)
Completed 200 OK in 12ms (Views: 11.5ms | ActiveRecord: 0.0ms | Allocations: 4478)


Started GET "/users" for ::1 at 2021-03-07 15:57:45 -0500
  
ActionController::RoutingError (No route matches [GET] "/users"):
  
Started GET "/users/new" for ::1 at 2021-03-07 15:57:47 -0500
Processing by UsersController#new as HTML
  Rendering layout layouts/application.html.erb
  Rendering users/new.html.erb within layouts/application
  Rendered users/new.html.erb within layouts/application (Duration: 3.9ms | Allocations: 593)
[Webpacker] Everything's up-to-date. Nothing to do
  Rendered layout layouts/application.html.erb (Duration: 25.3ms | Allocations: 4092)
Completed 200 OK in 27ms (Views: 26.3ms | ActiveRecord: 0.0ms | Allocations: 4482)


Started POST "/users" for ::1 at 2021-03-07 15:57:58 -0500
Processing by UsersController#create as HTML
  Parameters: {"authenticity_token"=>"[FILTERED]", "user"=>{"username"=>"carmzeng", "email"=>"czeng@uottawa.ca", "password"=>"[FILTERED]"}, "commit"=>"Create"}
  [1m[36mTRANSACTION (0.1ms)[0m  [1m[36mbegin transaction[0m
  ↳ app/controllers/users_controller.rb:13:in `create'
  [1m[36mUser Exists? (0.4ms)[0m  [1m[34mSELECT 1 AS one FROM "users" WHERE "users"."username" = ? LIMIT ?[0m  [["username", "carmzeng"], ["LIMIT", 1]]
  ↳ app/controllers/users_controller.rb:13:in `create'
  [1m[36mUser Exists? (0.2ms)[0m  [1m[34mSELECT 1 AS one FROM "users" WHERE "users"."email" = ? LIMIT ?[0m  [["email", "czeng@uottawa.ca"], ["LIMIT", 1]]
  ↳ app/controllers/users_controller.rb:13:in `create'
  [1m[36mTRANSACTION (0.1ms)[0m  [1m[31mrollback transaction[0m
  ↳ app/controllers/users_controller.rb:13:in `create'
  Rendering layout layouts/application.html.erb
  Rendering users/new.html.erb within layouts/application
  Rendered users/new.html.erb within layouts/application (Duration: 6.4ms | Allocations: 1677)
[Webpacker] Everything's up-to-date. Nothing to do
  Rendered layout layouts/application.html.erb (Duration: 16.2ms | Allocations: 5096)
Completed 200 OK in 34ms (Views: 16.8ms | ActiveRecord: 0.9ms | Allocations: 9111)


Started GET "/users/new" for ::1 at 2021-03-07 16:19:04 -0500
  [1m[35m (15.2ms)[0m  [1m[34mSELECT sqlite_version(*)[0m
  [1m[35m (8.3ms)[0m  [1m[34mSELECT "schema_migrations"."version" FROM "schema_migrations" ORDER BY "schema_migrations"."version" ASC[0m
Processing by UsersController#new as HTML
  Rendering layout layouts/application.html.erb
  Rendering users/new.html.erb within layouts/application
  Rendered users/new.html.erb within layouts/application (Duration: 194.0ms | Allocations: 1560)
[Webpacker] Everything's up-to-date. Nothing to do
  Rendered layout layouts/application.html.erb (Duration: 449.5ms | Allocations: 7099)
Completed 200 OK in 998ms (Views: 630.9ms | ActiveRecord: 1.1ms | Allocations: 13479)


Started GET "/users/edit" for ::1 at 2021-03-07 16:19:19 -0500
  
ActionController::RoutingError (No route matches [GET] "/users/edit"):
  
Started GET "/users/new" for ::1 at 2021-03-07 16:19:25 -0500
Processing by UsersController#new as HTML
  Rendering layout layouts/application.html.erb
  Rendering users/new.html.erb within layouts/application
  Rendered users/new.html.erb within layouts/application (Duration: 4.8ms | Allocations: 679)
[Webpacker] Everything's up-to-date. Nothing to do
  Rendered layout layouts/application.html.erb (Duration: 131.4ms | Allocations: 4302)
Completed 200 OK in 147ms (Views: 135.4ms | ActiveRecord: 0.0ms | Allocations: 4805)


Started GET "/users/new" for ::1 at 2021-03-07 16:19:25 -0500
Processing by UsersController#new as HTML
  Rendering layout layouts/application.html.erb
  Rendering users/new.html.erb within layouts/application
  Rendered users/new.html.erb within layouts/application (Duration: 2.6ms | Allocations: 593)
[Webpacker] Everything's up-to-date. Nothing to do
  Rendered layout layouts/application.html.erb (Duration: 28.7ms | Allocations: 4082)
Completed 200 OK in 33ms (Views: 30.3ms | ActiveRecord: 0.0ms | Allocations: 4471)


Started GET "/users/edit/2" for ::1 at 2021-03-07 16:19:44 -0500
  
ActionController::RoutingError (No route matches [GET] "/users/edit/2"):
  
Started GET "/users/2/edit" for ::1 at 2021-03-07 16:19:49 -0500
Processing by UsersController#edit as HTML
  Parameters: {"id"=>"2"}
  [1m[36mUser Load (3.6ms)[0m  [1m[34mSELECT "users".* FROM "users" WHERE "users"."id" = ? LIMIT ?[0m  [["id", 2], ["LIMIT", 1]]
  ↳ app/controllers/users_controller.rb:12:in `edit'
  Rendering layout layouts/application.html.erb
  Rendering users/edit.html.erb within layouts/application
  Rendered users/edit.html.erb within layouts/application (Duration: 3.7ms | Allocations: 694)
[Webpacker] Everything's up-to-date. Nothing to do
  Rendered layout layouts/application.html.erb (Duration: 113.3ms | Allocations: 4134)
Completed 200 OK in 167ms (Views: 115.7ms | ActiveRecord: 3.6ms | Allocations: 7676)


Started GET "/users/1/edit" for ::1 at 2021-03-07 16:19:55 -0500
Processing by UsersController#edit as HTML
  Parameters: {"id"=>"1"}
  [1m[36mUser Load (1.8ms)[0m  [1m[34mSELECT "users".* FROM "users" WHERE "users"."id" = ? LIMIT ?[0m  [["id", 1], ["LIMIT", 1]]
  ↳ app/controllers/users_controller.rb:12:in `edit'
  Rendering layout layouts/application.html.erb
  Rendering users/edit.html.erb within layouts/application
  Rendered users/edit.html.erb within layouts/application (Duration: 2.6ms | Allocations: 461)
[Webpacker] Everything's up-to-date. Nothing to do
  Rendered layout layouts/application.html.erb (Duration: 23.4ms | Allocations: 3958)
Completed 200 OK in 31ms (Views: 24.9ms | ActiveRecord: 1.8ms | Allocations: 4877)


Started PATCH "/users/1" for ::1 at 2021-03-07 16:20:01 -0500
Processing by UsersController#update as HTML
  Parameters: {"authenticity_token"=>"[FILTERED]", "user"=>{"username"=>"michpara", "email"=>"michpara@yahoo.com", "password"=>"[FILTERED]"}, "commit"=>"Update", "id"=>"1"}
  [1m[36mUser Load (0.3ms)[0m  [1m[34mSELECT "users".* FROM "users" WHERE "users"."id" = ? LIMIT ?[0m  [["id", 1], ["LIMIT", 1]]
  ↳ app/controllers/users_controller.rb:26:in `update'
  [1m[36mTRANSACTION (0.1ms)[0m  [1m[36mbegin transaction[0m
  ↳ app/controllers/users_controller.rb:27:in `update'
  [1m[36mUser Exists? (0.4ms)[0m  [1m[34mSELECT 1 AS one FROM "users" WHERE "users"."username" = ? AND "users"."id" != ? LIMIT ?[0m  [["username", "michpara"], ["id", 1], ["LIMIT", 1]]
  ↳ app/controllers/users_controller.rb:27:in `update'
  [1m[36mUser Exists? (0.2ms)[0m  [1m[34mSELECT 1 AS one FROM "users" WHERE "users"."email" = ? AND "users"."id" != ? LIMIT ?[0m  [["email", "michpara@yahoo.com"], ["id", 1], ["LIMIT", 1]]
  ↳ app/controllers/users_controller.rb:27:in `update'
  [1m[36mUser Update (4.6ms)[0m  [1m[33mUPDATE "users" SET "password" = ?, "updated_at" = ? WHERE "users"."id" = ?[0m  [["password", "vghjghggkh"], ["updated_at", "2021-03-07 21:20:01.790494"], ["id", 1]]
  ↳ app/controllers/users_controller.rb:27:in `update'
  [1m[36mTRANSACTION (4.0ms)[0m  [1m[36mcommit transaction[0m
  ↳ app/controllers/users_controller.rb:27:in `update'
Redirected to http://localhost:3000/users/1
Completed 302 Found in 81ms (ActiveRecord: 9.7ms | Allocations: 5138)


Started GET "/users/1" for ::1 at 2021-03-07 16:20:01 -0500
  
ActionController::RoutingError (No route matches [GET] "/users/1"):
  
Started GET "/users/1" for ::1 at 2021-03-07 16:21:34 -0500
Processing by UsersController#show as HTML
  Parameters: {"id"=>"1"}
  [1m[35m (41.0ms)[0m  [1m[34mSELECT sqlite_version(*)[0m
  ↳ app/controllers/users_controller.rb:4:in `show'
  [1m[36mUser Load (0.4ms)[0m  [1m[34mSELECT "users".* FROM "users" WHERE "users"."id" = ? LIMIT ?[0m  [["id", 1], ["LIMIT", 1]]
  ↳ app/controllers/users_controller.rb:4:in `show'
Completed 406 Not Acceptable in 215ms (ActiveRecord: 50.9ms | Allocations: 6411)


  
ActionController::MissingExactTemplate (UsersController#show is missing a template for request formats: text/html):
  
actionpack (6.1.3) lib/action_controller/metal/implicit_render.rb:45:in `default_render'
actionpack (6.1.3) lib/action_controller/metal/basic_implicit_render.rb:6:in `block in send_action'
actionpack (6.1.3) lib/action_controller/metal/basic_implicit_render.rb:6:in `tap'
actionpack (6.1.3) lib/action_controller/metal/basic_implicit_render.rb:6:in `send_action'
actionpack (6.1.3) lib/abstract_controller/base.rb:228:in `process_action'
actionpack (6.1.3) lib/action_controller/metal/rendering.rb:30:in `process_action'
actionpack (6.1.3) lib/abstract_controller/callbacks.rb:42:in `block in process_action'
activesupport (6.1.3) lib/active_support/callbacks.rb:117:in `block in run_callbacks'
actiontext (6.1.3) lib/action_text/rendering.rb:20:in `with_renderer'
actiontext (6.1.3) lib/action_text/engine.rb:55:in `block (4 levels) in <class:Engine>'
activesupport (6.1.3) lib/active_support/callbacks.rb:126:in `instance_exec'
activesupport (6.1.3) lib/active_support/callbacks.rb:126:in `block in run_callbacks'
activesupport (6.1.3) lib/active_support/callbacks.rb:137:in `run_callbacks'
actionpack (6.1.3) lib/abstract_controller/callbacks.rb:41:in `process_action'
actionpack (6.1.3) lib/action_controller/metal/rescue.rb:22:in `process_action'
actionpack (6.1.3) lib/action_controller/metal/instrumentation.rb:34:in `block in process_action'
activesupport (6.1.3) lib/active_support/notifications.rb:203:in `block in instrument'
activesupport (6.1.3) lib/active_support/notifications/instrumenter.rb:24:in `instrument'
activesupport (6.1.3) lib/active_support/notifications.rb:203:in `instrument'
actionpack (6.1.3) lib/action_controller/metal/instrumentation.rb:33:in `process_action'
actionpack (6.1.3) lib/action_controller/metal/params_wrapper.rb:249:in `process_action'
activerecord (6.1.3) lib/active_record/railties/controller_runtime.rb:27:in `process_action'
actionpack (6.1.3) lib/abstract_controller/base.rb:165:in `process'
actionview (6.1.3) lib/action_view/rendering.rb:39:in `process'
actionpack (6.1.3) lib/action_controller/metal.rb:190:in `dispatch'
actionpack (6.1.3) lib/action_controller/metal.rb:254:in `dispatch'
actionpack (6.1.3) lib/action_dispatch/routing/route_set.rb:50:in `dispatch'
actionpack (6.1.3) lib/action_dispatch/routing/route_set.rb:33:in `serve'
actionpack (6.1.3) lib/action_dispatch/journey/router.rb:50:in `block in serve'
actionpack (6.1.3) lib/action_dispatch/journey/router.rb:32:in `each'
actionpack (6.1.3) lib/action_dispatch/journey/router.rb:32:in `serve'
actionpack (6.1.3) lib/action_dispatch/routing/route_set.rb:842:in `call'
rack (2.2.3) lib/rack/tempfile_reaper.rb:15:in `call'
rack (2.2.3) lib/rack/etag.rb:27:in `call'
rack (2.2.3) lib/rack/conditional_get.rb:27:in `call'
rack (2.2.3) lib/rack/head.rb:12:in `call'
actionpack (6.1.3) lib/action_dispatch/http/permissions_policy.rb:22:in `call'
actionpack (6.1.3) lib/action_dispatch/http/content_security_policy.rb:18:in `call'
rack (2.2.3) lib/rack/session/abstract/id.rb:266:in `context'
rack (2.2.3) lib/rack/session/abstract/id.rb:260:in `call'
actionpack (6.1.3) lib/action_dispatch/middleware/cookies.rb:689:in `call'
activerecord (6.1.3) lib/active_record/migration.rb:601:in `call'
actionpack (6.1.3) lib/action_dispatch/middleware/callbacks.rb:27:in `block in call'
activesupport (6.1.3) lib/active_support/callbacks.rb:98:in `run_callbacks'
actionpack (6.1.3) lib/action_dispatch/middleware/callbacks.rb:26:in `call'
actionpack (6.1.3) lib/action_dispatch/middleware/executor.rb:14:in `call'
actionpack (6.1.3) lib/action_dispatch/middleware/actionable_exceptions.rb:18:in `call'
actionpack (6.1.3) lib/action_dispatch/middleware/debug_exceptions.rb:29:in `call'
web-console (4.1.0) lib/web_console/middleware.rb:132:in `call_app'
web-console (4.1.0) lib/web_console/middleware.rb:28:in `block in call'
web-console (4.1.0) lib/web_console/middleware.rb:17:in `catch'
web-console (4.1.0) lib/web_console/middleware.rb:17:in `call'
actionpack (6.1.3) lib/action_dispatch/middleware/show_exceptions.rb:33:in `call'
railties (6.1.3) lib/rails/rack/logger.rb:37:in `call_app'
railties (6.1.3) lib/rails/rack/logger.rb:26:in `block in call'
activesupport (6.1.3) lib/active_support/tagged_logging.rb:99:in `block in tagged'
activesupport (6.1.3) lib/active_support/tagged_logging.rb:37:in `tagged'
activesupport (6.1.3) lib/active_support/tagged_logging.rb:99:in `tagged'
railties (6.1.3) lib/rails/rack/logger.rb:26:in `call'
sprockets-rails (3.2.2) lib/sprockets/rails/quiet_assets.rb:13:in `call'
actionpack (6.1.3) lib/action_dispatch/middleware/remote_ip.rb:81:in `call'
actionpack (6.1.3) lib/action_dispatch/middleware/request_id.rb:26:in `call'
rack (2.2.3) lib/rack/method_override.rb:24:in `call'
rack (2.2.3) lib/rack/runtime.rb:22:in `call'
activesupport (6.1.3) lib/active_support/cache/strategy/local_cache_middleware.rb:29:in `call'
actionpack (6.1.3) lib/action_dispatch/middleware/executor.rb:14:in `call'
actionpack (6.1.3) lib/action_dispatch/middleware/static.rb:24:in `call'
rack (2.2.3) lib/rack/sendfile.rb:110:in `call'
actionpack (6.1.3) lib/action_dispatch/middleware/host_authorization.rb:98:in `call'
rack-mini-profiler (2.3.1) lib/mini_profiler/profiler.rb:373:in `call'
webpacker (5.2.1) lib/webpacker/dev_server_proxy.rb:25:in `perform_request'
rack-proxy (0.6.5) lib/rack/proxy.rb:57:in `call'
railties (6.1.3) lib/rails/engine.rb:539:in `call'
puma (5.2.2) lib/puma/configuration.rb:248:in `call'
puma (5.2.2) lib/puma/request.rb:76:in `block in handle_request'
puma (5.2.2) lib/puma/thread_pool.rb:337:in `with_force_shutdown'
puma (5.2.2) lib/puma/request.rb:75:in `handle_request'
puma (5.2.2) lib/puma/server.rb:431:in `process_client'
puma (5.2.2) lib/puma/thread_pool.rb:145:in `block in spawn_thread'
Started GET "/users/1/edit" for ::1 at 2021-03-07 16:23:26 -0500
Processing by UsersController#edit as HTML
  Parameters: {"id"=>"1"}
  [1m[35m (0.5ms)[0m  [1m[34mSELECT sqlite_version(*)[0m
  ↳ app/controllers/users_controller.rb:8:in `edit'
  [1m[36mUser Load (3.0ms)[0m  [1m[34mSELECT "users".* FROM "users" WHERE "users"."id" = ? LIMIT ?[0m  [["id", 1], ["LIMIT", 1]]
  ↳ app/controllers/users_controller.rb:8:in `edit'
  Rendering layout layouts/application.html.erb
  Rendering users/edit.html.erb within layouts/application
  Rendered users/edit.html.erb within layouts/application (Duration: 4.9ms | Allocations: 524)
[Webpacker] Everything's up-to-date. Nothing to do
  Rendered layout layouts/application.html.erb (Duration: 116.6ms | Allocations: 4003)
Completed 200 OK in 263ms (Views: 128.9ms | ActiveRecord: 5.8ms | Allocations: 8970)


Started PATCH "/users/1" for ::1 at 2021-03-07 16:23:32 -0500
Processing by UsersController#update as HTML
  Parameters: {"authenticity_token"=>"[FILTERED]", "user"=>{"username"=>"michpara", "email"=>"michpara@yahoo.com", "password"=>"[FILTERED]"}, "commit"=>"Update", "id"=>"1"}
  [1m[36mUser Load (0.3ms)[0m  [1m[34mSELECT "users".* FROM "users" WHERE "users"."id" = ? LIMIT ?[0m  [["id", 1], ["LIMIT", 1]]
  ↳ app/controllers/users_controller.rb:22:in `update'
  [1m[36mTRANSACTION (0.4ms)[0m  [1m[36mbegin transaction[0m
  ↳ app/controllers/users_controller.rb:23:in `update'
  [1m[36mUser Exists? (0.7ms)[0m  [1m[34mSELECT 1 AS one FROM "users" WHERE "users"."username" = ? AND "users"."id" != ? LIMIT ?[0m  [["username", "michpara"], ["id", 1], ["LIMIT", 1]]
  ↳ app/controllers/users_controller.rb:23:in `update'
  [1m[36mUser Exists? (33.4ms)[0m  [1m[34mSELECT 1 AS one FROM "users" WHERE "users"."email" = ? AND "users"."id" != ? LIMIT ?[0m  [["email", "michpara@yahoo.com"], ["id", 1], ["LIMIT", 1]]
  ↳ app/controllers/users_controller.rb:23:in `update'
  [1m[36mUser Update (1.2ms)[0m  [1m[33mUPDATE "users" SET "password" = ?, "updated_at" = ? WHERE "users"."id" = ?[0m  [["password", "sshsahsh"], ["updated_at", "2021-03-07 21:23:33.007292"], ["id", 1]]
  ↳ app/controllers/users_controller.rb:23:in `update'
  [1m[36mTRANSACTION (26.1ms)[0m  [1m[36mcommit transaction[0m
  ↳ app/controllers/users_controller.rb:23:in `update'
Redirected to http://localhost:3000/users/new
Completed 302 Found in 122ms (ActiveRecord: 62.1ms | Allocations: 4880)


Started GET "/users/new" for ::1 at 2021-03-07 16:23:33 -0500
Processing by UsersController#new as HTML
  Rendering layout layouts/application.html.erb
  Rendering users/new.html.erb within layouts/application
  Rendered users/new.html.erb within layouts/application (Duration: 3.8ms | Allocations: 597)
[Webpacker] Everything's up-to-date. Nothing to do
  Rendered layout layouts/application.html.erb (Duration: 43.7ms | Allocations: 6289)
Completed 200 OK in 48ms (Views: 46.4ms | ActiveRecord: 0.0ms | Allocations: 6679)


  [1m[35m (4.4ms)[0m  [1m[34mSELECT sqlite_version(*)[0m
  [1m[36mUser Load (0.3ms)[0m  [1m[34mSELECT "users".* FROM "users" /* loading for inspect */ LIMIT ?[0m  [["LIMIT", 11]]
Started GET "/users/new" for ::1 at 2021-03-07 16:25:02 -0500
Processing by UsersController#new as HTML
  Rendering layout layouts/application.html.erb
  Rendering users/new.html.erb within layouts/application
  Rendered users/new.html.erb within layouts/application (Duration: 3.2ms | Allocations: 946)
[Webpacker] Everything's up-to-date. Nothing to do
  Rendered layout layouts/application.html.erb (Duration: 52.2ms | Allocations: 4613)
Completed 200 OK in 62ms (Views: 59.5ms | ActiveRecord: 0.0ms | Allocations: 5713)


Started GET "/users/new" for ::1 at 2021-03-07 16:25:03 -0500
Processing by UsersController#new as HTML
  Rendering layout layouts/application.html.erb
  Rendering users/new.html.erb within layouts/application
  Rendered users/new.html.erb within layouts/application (Duration: 3.8ms | Allocations: 599)
[Webpacker] Everything's up-to-date. Nothing to do
  Rendered layout layouts/application.html.erb (Duration: 18.0ms | Allocations: 4090)
Completed 200 OK in 21ms (Views: 19.3ms | ActiveRecord: 0.0ms | Allocations: 4489)


Started GET "/users/1/edit" for ::1 at 2021-03-07 16:25:08 -0500
Processing by UsersController#edit as HTML
  Parameters: {"id"=>"1"}
  [1m[36mUser Load (0.3ms)[0m  [1m[34mSELECT "users".* FROM "users" WHERE "users"."id" = ? LIMIT ?[0m  [["id", 1], ["LIMIT", 1]]
  ↳ app/controllers/users_controller.rb:8:in `edit'
  Rendering layout layouts/application.html.erb
  Rendering users/edit.html.erb within layouts/application
  Rendered users/edit.html.erb within layouts/application (Duration: 14.8ms | Allocations: 681)
[Webpacker] Everything's up-to-date. Nothing to do
  Rendered layout layouts/application.html.erb (Duration: 60.2ms | Allocations: 4172)
Completed 200 OK in 67ms (Views: 61.4ms | ActiveRecord: 0.3ms | Allocations: 5207)


Started GET "/users/1/edit" for ::1 at 2021-03-07 16:25:18 -0500
Processing by UsersController#edit as HTML
  Parameters: {"id"=>"1"}
  [1m[36mUser Load (0.2ms)[0m  [1m[34mSELECT "users".* FROM "users" WHERE "users"."id" = ? LIMIT ?[0m  [["id", 1], ["LIMIT", 1]]
  ↳ app/controllers/users_controller.rb:8:in `edit'
  Rendering layout layouts/application.html.erb
  Rendering users/edit.html.erb within layouts/application
  Rendered users/edit.html.erb within layouts/application (Duration: 1.9ms | Allocations: 461)
[Webpacker] Everything's up-to-date. Nothing to do
  Rendered layout layouts/application.html.erb (Duration: 130.5ms | Allocations: 3951)
Completed 200 OK in 147ms (Views: 132.8ms | ActiveRecord: 0.2ms | Allocations: 4862)


